<?xml version="1.0" encoding="UTF-8"?>
<!-- Generated by org.testng.reporters.JUnitReportReporter -->
<testsuite hostname="DESKTOP-DKHG570" failures="0" tests="1" name="dev.roamy.earth.TestClass.EventTabFunctionality$HomePage" time="4.096" errors="0" timestamp="2023-01-30T15:39:35 IST" skipped="0">
  <testcase classname="dev.roamy.earth.TestClass.EventTabFunctionality$HomePage" name="HomePageFunctionality" time="4.096"/>
  <system-out/>
</testsuite> <!-- dev.roamy.earth.TestClass.EventTabFunctionality$HomePage -->
