<?xml version="1.0" encoding="UTF-8"?>
<!-- Generated by org.testng.reporters.JUnitReportReporter -->
<testsuite hostname="DESKTOP-DKHG570" failures="0" tests="1" name="dev.roamy.earth.TestClass.DestinationsTagFunctionality" time="5.737" errors="0" timestamp="2023-01-31T15:23:59 IST" skipped="0">
  <testcase classname="dev.roamy.earth.TestClass.DestinationsTagFunctionality" name="DestinationsTag" time="5.737"/>
  <system-out/>
</testsuite> <!-- dev.roamy.earth.TestClass.DestinationsTagFunctionality -->
