<?xml version="1.0" encoding="UTF-8"?>
<!-- Generated by org.testng.reporters.JUnitReportReporter -->
<testsuite hostname="DESKTOP-DKHG570" failures="0" tests="1" name="dev.roamy.earth.TestClass.Test1" time="0.001" errors="0" timestamp="2023-01-30T11:41:08 IST" skipped="0">
  <testcase classname="dev.roamy.earth.TestClass.Test1" name="Practice" time="0.001"/>
  <system-out/>
</testsuite> <!-- dev.roamy.earth.TestClass.Test1 -->
