<?xml version="1.0" encoding="UTF-8"?>
<!-- Generated by org.testng.reporters.JUnitReportReporter -->
<testsuite hostname="DESKTOP-DKHG570" failures="0" tests="1" name="dev.roamy.earth.TestClass.FAQTagFunctionality" time="4.390" errors="0" timestamp="2023-01-31T12:12:47 IST" skipped="0">
  <testcase classname="dev.roamy.earth.TestClass.FAQTagFunctionality" name="FAQTag" time="4.390"/>
  <system-out/>
</testsuite> <!-- dev.roamy.earth.TestClass.FAQTagFunctionality -->
