<?xml version="1.0" encoding="UTF-8"?>
<!-- Generated by org.testng.reporters.JUnitReportReporter -->
<testsuite hostname="DESKTOP-DKHG570" failures="0" tests="1" name="dev.roamy.earth.TestClass.HomePage" time="8.272" errors="0" timestamp="2023-01-31T12:12:47 IST" skipped="0">
  <testcase classname="dev.roamy.earth.TestClass.HomePage" name="HomePageFunctionality" time="8.272"/>
  <system-out/>
</testsuite> <!-- dev.roamy.earth.TestClass.HomePage -->
